[INFO ] 2018-11-08 12:41:59.206 [main] CuyApplication - The following profiles are active: development
[INFO ] 2018-11-08 12:45:53.961 [main] CuyApplication - The following profiles are active: development
[INFO ] 2018-11-08 12:46:09.393 [main] CuyApplication - Started CuyApplication in 20.685 seconds (JVM running for 23.547)
[INFO ] 2018-11-08 12:54:46.567 [main] CuyApplication - The following profiles are active: development
[INFO ] 2018-11-08 12:55:04.303 [main] CuyApplication - Started CuyApplication in 23.251 seconds (JVM running for 29.13)
[INFO ] 2018-11-08 12:58:17.112 [main] CuyApplication - The following profiles are active: development
[INFO ] 2018-11-08 12:58:25.580 [main] CuyApplication - Started CuyApplication in 13.086 seconds (JVM running for 16.607)
[INFO ] 2018-11-08 12:59:41.394 [main] CuyApplication - The following profiles are active: development
[INFO ] 2018-11-08 12:59:51.333 [main] CuyApplication - Started CuyApplication in 14.692 seconds (JVM running for 17.118)
[INFO ] 2018-11-08 13:00:58.972 [main] CuyApplication - The following profiles are active: development
[INFO ] 2018-11-08 13:01:08.518 [main] CuyApplication - Started CuyApplication in 14.513 seconds (JVM running for 17.256)
[INFO ] 2018-11-08 13:03:56.348 [main] CuyApplication - The following profiles are active: development
[INFO ] 2018-11-08 13:04:07.153 [main] CuyApplication - Started CuyApplication in 16.892 seconds (JVM running for 19.701)
[INFO ] 2018-11-08 13:04:13.369 [http-nio-8080-exec-4] SecurityUserServiceImpl - > Excepción | (?): INFO@RUNFIT.PE
[INFO ] 2018-11-08 14:06:16.142 [main] CuyApplication - The following profiles are active: development
[INFO ] 2018-11-08 14:08:11.700 [main] CuyApplication - The following profiles are active: development
[INFO ] 2018-11-08 14:08:21.763 [main] CuyApplication - Started CuyApplication in 14.473 seconds (JVM running for 16.901)
[INFO ] 2018-11-08 14:08:53.404 [http-nio-8080-exec-7] SecurityUserServiceImpl - > Excepción | (?): INFO@RUNFIT.PE
[INFO ] 2018-11-08 14:08:59.834 [http-nio-8080-exec-1] SecurityUserServiceImpl - > USER ROLE: ROLE_ADMIN
[INFO ] 2018-11-08 14:12:17.022 [http-nio-8080-exec-8] SecurityUserServiceImpl - > USER ROLE: ROLE_ADMIN
[INFO ] 2018-11-08 14:12:45.103 [main] CuyApplication - The following profiles are active: development
[INFO ] 2018-11-08 14:13:03.347 [main] CuyApplication - Started CuyApplication in 23.181 seconds (JVM running for 25.914)
[INFO ] 2018-11-08 14:13:26.146 [http-nio-8080-exec-3] SecurityUserServiceImpl - > USER ROLE: ROLE_ADMIN
[INFO ] 2018-11-08 14:38:09.911 [http-nio-8080-exec-8] SecurityUserServiceImpl - > USER ROLE: ROLE_ADMIN
[INFO ] 2018-11-08 14:38:20.766 [http-nio-8080-exec-3] SecurityUserServiceImpl - > USER ROLE: ROLE_ADMIN
[INFO ] 2018-11-08 14:41:28.929 [main] CuyApplication - The following profiles are active: development
[INFO ] 2018-11-08 14:41:37.865 [main] CuyApplication - Started CuyApplication in 13.295 seconds (JVM running for 15.554)
[INFO ] 2018-11-08 14:41:51.397 [http-nio-8080-exec-5] SecurityUserServiceImpl - > USER ROLE: ROLE_ADMIN
[INFO ] 2018-11-08 14:42:22.344 [main] CuyApplication - The following profiles are active: development
[INFO ] 2018-11-08 14:42:32.460 [main] CuyApplication - Started CuyApplication in 14.68 seconds (JVM running for 17.896)
[INFO ] 2018-11-08 14:42:50.546 [http-nio-8080-exec-2] SecurityUserServiceImpl - > USER ROLE: ROLE_ADMIN
[INFO ] 2018-11-08 14:44:11.400 [main] CuyApplication - The following profiles are active: development
[INFO ] 2018-11-08 14:44:23.709 [main] CuyApplication - Started CuyApplication in 18.236 seconds (JVM running for 21.413)
[INFO ] 2018-11-08 14:45:28.833 [http-nio-8080-exec-2] SecurityUserServiceImpl - > USER ROLE: ROLE_ADMIN
[INFO ] 2018-11-08 14:48:30.042 [main] CuyApplication - The following profiles are active: development
[INFO ] 2018-11-08 14:48:47.675 [main] CuyApplication - Started CuyApplication in 22.732 seconds (JVM running for 27.236)
[INFO ] 2018-11-08 14:49:04.138 [http-nio-8080-exec-6] SecurityUserServiceImpl - > USER ROLE: ROLE_ADMIN
[INFO ] 2018-11-08 14:57:38.775 [main] CuyApplication - The following profiles are active: development
[INFO ] 2018-11-08 14:57:57.528 [main] CuyApplication - Started CuyApplication in 25.795 seconds (JVM running for 38.225)
[INFO ] 2018-11-08 14:59:28.298 [main] CuyApplication - The following profiles are active: development
[INFO ] 2018-11-08 14:59:39.339 [main] CuyApplication - Started CuyApplication in 15.774 seconds (JVM running for 18.038)
[INFO ] 2018-11-08 14:59:50.802 [http-nio-8080-exec-3] SecurityUserServiceImpl - > USER ROLE: ROLE_ADMIN
[INFO ] 2018-11-08 15:05:13.855 [main] CuyApplication - The following profiles are active: development
[INFO ] 2018-11-08 15:05:23.577 [main] CuyApplication - Started CuyApplication in 16.655 seconds (JVM running for 19.67)
[INFO ] 2018-11-08 15:06:28.394 [http-nio-8080-exec-3] SecurityUserServiceImpl - > USER ROLE: ROLE_ADMIN
[INFO ] 2018-11-08 15:35:21.340 [restartedMain] CuyApplication - The following profiles are active: development
[INFO ] 2018-11-08 15:35:41.489 [restartedMain] CuyApplication - Started CuyApplication in 25.147 seconds (JVM running for 28.501)
[INFO ] 2018-11-08 15:35:47.665 [http-nio-8080-exec-3] SecurityUserServiceImpl - > USER ROLE: ROLE_ADMIN
[INFO ] 2018-11-08 15:40:20.357 [restartedMain] CuyApplication - The following profiles are active: development
[INFO ] 2018-11-08 15:40:33.779 [restartedMain] CuyApplication - Started CuyApplication in 17.622 seconds (JVM running for 20.278)
[INFO ] 2018-11-08 15:40:57.465 [http-nio-8080-exec-3] SecurityUserServiceImpl - > USER ROLE: ROLE_ADMIN
[INFO ] 2018-11-08 15:47:28.983 [restartedMain] CuyApplication - The following profiles are active: development
[INFO ] 2018-11-08 15:48:04.171 [restartedMain] CuyApplication - Started CuyApplication in 41.464 seconds (JVM running for 45.904)
[INFO ] 2018-11-08 15:48:10.114 [http-nio-8080-exec-3] SecurityUserServiceImpl - > USER ROLE: ROLE_ADMIN
[INFO ] 2018-11-08 15:49:50.587 [restartedMain] CuyApplication - The following profiles are active: development
[INFO ] 2018-11-08 15:50:01.216 [restartedMain] CuyApplication - Started CuyApplication in 15.703 seconds (JVM running for 18.193)
[INFO ] 2018-11-08 15:51:59.191 [restartedMain] CuyApplication - The following profiles are active: development
[INFO ] 2018-11-08 15:52:11.282 [restartedMain] CuyApplication - Started CuyApplication in 17.894 seconds (JVM running for 19.994)
[INFO ] 2018-11-08 15:52:24.322 [http-nio-8080-exec-3] SecurityUserServiceImpl - > USER ROLE: ROLE_ADMIN
[INFO ] 2018-11-08 16:04:45.439 [restartedMain] CuyApplication - The following profiles are active: development
[INFO ] 2018-11-08 16:05:02.856 [restartedMain] CuyApplication - Started CuyApplication in 22.612 seconds (JVM running for 27.015)
[INFO ] 2018-11-08 16:10:45.903 [restartedMain] CuyApplication - The following profiles are active: development
[INFO ] 2018-11-08 16:10:56.533 [restartedMain] CuyApplication - Started CuyApplication in 15.222 seconds (JVM running for 18.473)
[INFO ] 2018-11-08 16:21:16.639 [restartedMain] CuyApplication - The following profiles are active: development
[INFO ] 2018-11-08 16:21:53.327 [restartedMain] CuyApplication - The following profiles are active: development
[INFO ] 2018-11-08 16:22:06.003 [restartedMain] CuyApplication - Started CuyApplication in 17.483 seconds (JVM running for 20.554)
[INFO ] 2018-11-08 16:39:36.804 [restartedMain] CuyApplication - The following profiles are active: development
[INFO ] 2018-11-08 16:40:42.090 [restartedMain] CuyApplication - The following profiles are active: development
[INFO ] 2018-11-08 16:43:21.450 [restartedMain] CuyApplication - The following profiles are active: development
[INFO ] 2018-11-08 16:44:25.749 [restartedMain] CuyApplication - The following profiles are active: development
[INFO ] 2018-11-08 16:46:10.096 [restartedMain] CuyApplication - The following profiles are active: development
[INFO ] 2018-11-08 16:46:19.611 [restartedMain] CuyApplication - Started CuyApplication in 14.341 seconds (JVM running for 18.046)
[INFO ] 2018-11-08 16:46:45.200 [restartedMain] CuyApplication - The following profiles are active: development
[INFO ] 2018-11-08 16:46:54.889 [restartedMain] CuyApplication - Started CuyApplication in 14.263 seconds (JVM running for 17.228)
[INFO ] 2018-11-08 16:47:37.435 [restartedMain] CuyApplication - The following profiles are active: development
[INFO ] 2018-11-08 16:49:55.172 [restartedMain] CuyApplication - The following profiles are active: development
[INFO ] 2018-11-08 16:52:36.779 [restartedMain] CuyApplication - The following profiles are active: development
[INFO ] 2018-11-08 16:52:47.232 [restartedMain] CuyApplication - Started CuyApplication in 14.675 seconds (JVM running for 17.241)
[INFO ] 2018-11-08 16:54:04.675 [restartedMain] CuyApplication - The following profiles are active: development
[INFO ] 2018-11-08 16:54:50.626 [restartedMain] CuyApplication - The following profiles are active: development
[INFO ] 2018-11-08 16:55:01.664 [restartedMain] CuyApplication - Started CuyApplication in 15.818 seconds (JVM running for 18.733)
[INFO ] 2018-11-08 16:56:12.400 [restartedMain] CuyApplication - The following profiles are active: development
[INFO ] 2018-11-08 16:56:23.087 [restartedMain] CuyApplication - Started CuyApplication in 15.992 seconds (JVM running for 19.147)
[INFO ] 2018-11-08 16:57:05.363 [restartedMain] CuyApplication - The following profiles are active: development
[INFO ] 2018-11-08 16:57:16.201 [restartedMain] CuyApplication - Started CuyApplication in 16.519 seconds (JVM running for 18.961)
[INFO ] 2018-11-08 16:58:09.154 [restartedMain] CuyApplication - The following profiles are active: development
[INFO ] 2018-11-08 17:00:42.808 [restartedMain] CuyApplication - The following profiles are active: development
[INFO ] 2018-11-08 17:01:47.014 [restartedMain] CuyApplication - The following profiles are active: development
[INFO ] 2018-11-08 17:02:07.512 [restartedMain] CuyApplication - Started CuyApplication in 25.233 seconds (JVM running for 28.542)
[INFO ] 2018-11-08 17:02:59.626 [restartedMain] CuyApplication - The following profiles are active: development
[INFO ] 2018-11-08 17:03:11.726 [restartedMain] CuyApplication - Started CuyApplication in 16.758 seconds (JVM running for 19.753)
[INFO ] 2018-11-08 17:07:22.733 [restartedMain] CuyApplication - The following profiles are active: development
[INFO ] 2018-11-08 17:07:32.595 [restartedMain] CuyApplication - Started CuyApplication in 14.268 seconds (JVM running for 16.703)
[INFO ] 2018-11-08 17:08:40.728 [http-nio-8080-exec-8] SecurityUserServiceImpl - > USER ROLE: ROLE_ADMIN
[INFO ] 2018-11-08 17:22:49.340 [restartedMain] CuyApplication - The following profiles are active: development
[INFO ] 2018-11-08 17:23:02.249 [restartedMain] CuyApplication - Started CuyApplication in 17.611 seconds (JVM running for 20.247)
[INFO ] 2018-11-08 17:24:10.249 [restartedMain] CuyApplication - The following profiles are active: development
[INFO ] 2018-11-08 17:24:22.320 [restartedMain] CuyApplication - Started CuyApplication in 16.806 seconds (JVM running for 19.592)
[INFO ] 2018-11-08 17:24:54.648 [restartedMain] CuyApplication - The following profiles are active: development
[INFO ] 2018-11-08 17:25:06.526 [restartedMain] CuyApplication - Started CuyApplication in 17.319 seconds (JVM running for 20.814)
[INFO ] 2018-11-08 17:29:06.670 [restartedMain] CuyApplication - The following profiles are active: development
[INFO ] 2018-11-08 17:29:17.871 [restartedMain] CuyApplication - Started CuyApplication in 17.245 seconds (JVM running for 20.572)
[INFO ] 2018-11-08 17:30:04.891 [restartedMain] CuyApplication - The following profiles are active: development
[INFO ] 2018-11-08 17:30:18.499 [restartedMain] CuyApplication - Started CuyApplication in 18.469 seconds (JVM running for 21.364)
[INFO ] 2018-11-08 17:30:52.259 [http-nio-8080-exec-3] SecurityUserServiceImpl - > USER ROLE: ROLE_ADMIN
[INFO ] 2018-11-08 17:45:25.666 [restartedMain] CuyApplication - The following profiles are active: development
[INFO ] 2018-11-08 17:47:14.518 [restartedMain] CuyApplication - The following profiles are active: development
[INFO ] 2018-11-08 17:47:44.914 [restartedMain] CuyApplication - Started CuyApplication in 36.947 seconds (JVM running for 39.883)
[INFO ] 2018-11-08 17:49:29.958 [restartedMain] CuyApplication - The following profiles are active: development
[INFO ] 2018-11-08 17:49:49.258 [restartedMain] CuyApplication - Started CuyApplication in 27.328 seconds (JVM running for 30.364)
[INFO ] 2018-11-08 17:55:20.235 [restartedMain] CuyApplication - The following profiles are active: development
[INFO ] 2018-11-08 17:55:52.561 [restartedMain] CuyApplication - Started CuyApplication in 39.102 seconds (JVM running for 41.459)
[INFO ] 2018-11-08 17:58:16.372 [restartedMain] CuyApplication - The following profiles are active: development
[INFO ] 2018-11-08 17:58:28.135 [restartedMain] CuyApplication - Started CuyApplication in 16.7 seconds (JVM running for 18.974)
[INFO ] 2018-11-08 17:59:50.324 [restartedMain] CuyApplication - The following profiles are active: development
[INFO ] 2018-11-08 18:00:03.100 [restartedMain] CuyApplication - Started CuyApplication in 17.832 seconds (JVM running for 20.496)
[INFO ] 2018-11-08 18:00:28.794 [restartedMain] CuyApplication - The following profiles are active: development
[INFO ] 2018-11-08 18:00:53.264 [restartedMain] CuyApplication - The following profiles are active: development
[INFO ] 2018-11-08 18:01:04.060 [restartedMain] CuyApplication - Started CuyApplication in 15.222 seconds (JVM running for 17.842)
[INFO ] 2018-11-08 18:02:11.734 [restartedMain] CuyApplication - The following profiles are active: development
[INFO ] 2018-11-08 18:02:21.677 [restartedMain] CuyApplication - Started CuyApplication in 14.464 seconds (JVM running for 17.436)
[INFO ] 2018-11-08 18:03:53.435 [restartedMain] CuyApplication - The following profiles are active: development
[INFO ] 2018-11-08 18:11:18.514 [restartedMain] CuyApplication - The following profiles are active: development
[INFO ] 2018-11-08 18:11:29.306 [restartedMain] CuyApplication - Started CuyApplication in 15.081 seconds (JVM running for 18.321)
[INFO ] 2018-11-08 18:12:03.950 [restartedMain] CuyApplication - The following profiles are active: development
[INFO ] 2018-11-08 18:13:21.653 [restartedMain] CuyApplication - The following profiles are active: development
[INFO ] 2018-11-08 18:14:12.680 [restartedMain] CuyApplication - The following profiles are active: development
[INFO ] 2018-11-08 18:15:05.923 [restartedMain] CuyApplication - The following profiles are active: development
[INFO ] 2018-11-08 18:15:16.823 [restartedMain] CuyApplication - Started CuyApplication in 15.497 seconds (JVM running for 17.962)
[INFO ] 2018-11-08 18:16:08.821 [restartedMain] CuyApplication - The following profiles are active: development
[INFO ] 2018-11-08 18:16:40.730 [restartedMain] CuyApplication - Started CuyApplication in 37.496 seconds (JVM running for 43.213)
[INFO ] 2018-11-08 18:18:46.138 [restartedMain] CuyApplication - The following profiles are active: development
[INFO ] 2018-11-08 18:19:02.739 [restartedMain] CuyApplication - Started CuyApplication in 21.291 seconds (JVM running for 25.021)
[INFO ] 2018-11-08 18:21:12.060 [restartedMain] CuyApplication - The following profiles are active: development
[INFO ] 2018-11-08 18:21:38.657 [restartedMain] CuyApplication - The following profiles are active: development
[INFO ] 2018-11-08 18:21:57.381 [restartedMain] CuyApplication - Started CuyApplication in 23.764 seconds (JVM running for 27.19)
[INFO ] 2018-11-08 18:23:38.608 [restartedMain] CuyApplication - The following profiles are active: development
[INFO ] 2018-11-08 18:23:51.820 [restartedMain] CuyApplication - Started CuyApplication in 19.842 seconds (JVM running for 23.11)
[INFO ] 2018-11-08 18:25:44.303 [restartedMain] CuyApplication - The following profiles are active: development
[INFO ] 2018-11-08 18:26:16.934 [restartedMain] CuyApplication - Started CuyApplication in 37.725 seconds (JVM running for 41.793)
[INFO ] 2018-11-08 18:29:45.466 [restartedMain] CuyApplication - The following profiles are active: development
[INFO ] 2018-11-08 18:30:00.996 [restartedMain] CuyApplication - Started CuyApplication in 24.775 seconds (JVM running for 27.577)
[INFO ] 2018-11-08 18:34:10.467 [restartedMain] CuyApplication - The following profiles are active: development
[INFO ] 2018-11-08 18:34:28.137 [restartedMain] CuyApplication - Started CuyApplication in 22.845 seconds (JVM running for 25.216)
[INFO ] 2018-11-08 18:41:15.403 [restartedMain] CuyApplication - The following profiles are active: development
[INFO ] 2018-11-08 18:41:39.088 [restartedMain] CuyApplication - Started CuyApplication in 29.391 seconds (JVM running for 36.91)
[INFO ] 2018-11-08 18:46:09.671 [restartedMain] CuyApplication - The following profiles are active: development
[INFO ] 2018-11-08 18:46:20.499 [restartedMain] CuyApplication - Started CuyApplication in 15.815 seconds (JVM running for 17.95)
[INFO ] 2018-11-08 18:50:06.875 [restartedMain] CuyApplication - The following profiles are active: development
[INFO ] 2018-11-08 18:50:17.765 [restartedMain] CuyApplication - Started CuyApplication in 15.569 seconds (JVM running for 17.878)
[INFO ] 2018-11-08 18:53:29.249 [restartedMain] CuyApplication - The following profiles are active: development
[INFO ] 2018-11-08 18:53:40.371 [restartedMain] CuyApplication - Started CuyApplication in 15.462 seconds (JVM running for 18.085)
[INFO ] 2018-11-08 18:54:21.951 [restartedMain] CuyApplication - The following profiles are active: development
[INFO ] 2018-11-08 18:54:33.603 [restartedMain] CuyApplication - Started CuyApplication in 16.944 seconds (JVM running for 20.937)
[INFO ] 2018-11-08 18:57:05.217 [restartedMain] CuyApplication - The following profiles are active: development
[INFO ] 2018-11-08 18:57:17.411 [restartedMain] CuyApplication - Started CuyApplication in 16.6 seconds (JVM running for 19.32)
[INFO ] 2018-11-08 19:04:42.438 [restartedMain] CuyApplication - The following profiles are active: development
[INFO ] 2018-11-08 19:05:07.440 [restartedMain] CuyApplication - The following profiles are active: development
[INFO ] 2018-11-08 19:05:19.382 [restartedMain] CuyApplication - Started CuyApplication in 16.22 seconds (JVM running for 19.61)
[INFO ] 2018-11-08 19:06:23.659 [http-nio-8080-exec-8] SecurityUserServiceImpl - > USER ROLE: ROLE_ADMIN
[INFO ] 2018-11-08 19:07:48.512 [restartedMain] CuyApplication - The following profiles are active: development
[INFO ] 2018-11-08 19:07:59.841 [restartedMain] CuyApplication - Started CuyApplication in 15.872 seconds (JVM running for 18.068)
[INFO ] 2018-11-08 19:11:09.290 [restartedMain] CuyApplication - The following profiles are active: development
[INFO ] 2018-11-08 19:11:20.407 [restartedMain] CuyApplication - Started CuyApplication in 15.414 seconds (JVM running for 17.974)
[INFO ] 2018-11-08 19:13:16.280 [restartedMain] CuyApplication - The following profiles are active: development
[INFO ] 2018-11-08 19:13:27.963 [restartedMain] CuyApplication - Started CuyApplication in 16.283 seconds (JVM running for 19.421)
[INFO ] 2018-11-08 19:16:26.450 [restartedMain] CuyApplication - The following profiles are active: development
[INFO ] 2018-11-08 19:16:37.991 [restartedMain] CuyApplication - Started CuyApplication in 15.702 seconds (JVM running for 18.478)
[INFO ] 2018-11-08 19:19:46.747 [restartedMain] CuyApplication - The following profiles are active: development
[INFO ] 2018-11-08 19:19:58.513 [restartedMain] CuyApplication - Started CuyApplication in 16.649 seconds (JVM running for 19.664)
[INFO ] 2018-11-08 19:21:28.171 [restartedMain] CuyApplication - The following profiles are active: development
[INFO ] 2018-11-08 19:21:38.965 [restartedMain] CuyApplication - Started CuyApplication in 15.248 seconds (JVM running for 17.943)
[INFO ] 2018-11-08 19:28:13.688 [restartedMain] CuyApplication - The following profiles are active: development
[INFO ] 2018-11-08 19:28:24.304 [restartedMain] CuyApplication - Started CuyApplication in 15.791 seconds (JVM running for 17.846)
[INFO ] 2018-11-08 19:28:38.324 [restartedMain] CuyApplication - The following profiles are active: development
[INFO ] 2018-11-08 19:28:50.326 [restartedMain] CuyApplication - Started CuyApplication in 16.724 seconds (JVM running for 19.517)
[INFO ] 2018-11-08 19:30:30.502 [restartedMain] CuyApplication - The following profiles are active: development
[INFO ] 2018-11-08 19:30:41.667 [restartedMain] CuyApplication - Started CuyApplication in 15.748 seconds (JVM running for 18.207)
[INFO ] 2018-11-08 19:31:29.926 [restartedMain] CuyApplication - The following profiles are active: development
[INFO ] 2018-11-08 19:31:41.207 [restartedMain] CuyApplication - Started CuyApplication in 15.461 seconds (JVM running for 18.368)
[INFO ] 2018-11-08 19:33:16.928 [restartedMain] CuyApplication - The following profiles are active: development
[INFO ] 2018-11-08 19:33:28.708 [restartedMain] CuyApplication - Started CuyApplication in 16.132 seconds (JVM running for 19.182)
[INFO ] 2018-11-08 19:34:11.576 [restartedMain] CuyApplication - The following profiles are active: development
[INFO ] 2018-11-08 19:34:22.366 [restartedMain] CuyApplication - Started CuyApplication in 15.145 seconds (JVM running for 17.82)
[INFO ] 2018-11-08 19:34:59.857 [restartedMain] CuyApplication - The following profiles are active: development
[INFO ] 2018-11-08 19:35:11.466 [restartedMain] CuyApplication - Started CuyApplication in 16.17 seconds (JVM running for 19.668)
[INFO ] 2018-11-08 19:36:32.581 [restartedMain] CuyApplication - The following profiles are active: development
[INFO ] 2018-11-08 19:36:44.635 [restartedMain] CuyApplication - Started CuyApplication in 16.727 seconds (JVM running for 19.936)
[INFO ] 2018-11-08 19:38:52.274 [restartedMain] CuyApplication - The following profiles are active: development
[INFO ] 2018-11-08 19:39:10.650 [restartedMain] CuyApplication - Started CuyApplication in 24.845 seconds (JVM running for 27.209)
[INFO ] 2018-11-08 19:43:25.561 [restartedMain] CuyApplication - The following profiles are active: development
[INFO ] 2018-11-08 19:43:38.028 [restartedMain] CuyApplication - Started CuyApplication in 16.672 seconds (JVM running for 19.476)
[INFO ] 2018-11-08 19:44:35.424 [restartedMain] CuyApplication - The following profiles are active: development
[INFO ] 2018-11-08 19:44:46.340 [restartedMain] CuyApplication - Started CuyApplication in 15.382 seconds (JVM running for 18.632)
[INFO ] 2018-11-08 19:54:27.788 [restartedMain] CuyApplication - The following profiles are active: development
[INFO ] 2018-11-08 19:54:39.288 [restartedMain] CuyApplication - Started CuyApplication in 15.846 seconds (JVM running for 18.702)
[INFO ] 2018-11-08 19:56:28.635 [restartedMain] CuyApplication - The following profiles are active: development
[INFO ] 2018-11-08 19:56:41.297 [restartedMain] CuyApplication - Started CuyApplication in 17.339 seconds (JVM running for 20.257)
[INFO ] 2018-11-08 19:58:43.708 [restartedMain] CuyApplication - The following profiles are active: development
[INFO ] 2018-11-08 19:58:55.553 [restartedMain] CuyApplication - Started CuyApplication in 16.658 seconds (JVM running for 18.954)
[INFO ] 2018-11-08 19:59:24.584 [http-nio-8080-exec-1] SecurityUserServiceImpl - > USER ROLE: ROLE_ADMIN
